TN:
SF:src\system\dummySystem.ts
FN:10,(anonymous_0)
FN:11,(anonymous_1)
FN:16,(anonymous_2)
FN:20,(anonymous_3)
FN:24,(anonymous_4)
FN:29,(anonymous_5)
FN:43,(anonymous_6)
FN:48,(anonymous_7)
FNF:8
FNH:8
FNDA:3,(anonymous_0)
FNDA:3,(anonymous_1)
FNDA:1,(anonymous_2)
FNDA:2,(anonymous_3)
FNDA:1,(anonymous_4)
FNDA:1,(anonymous_5)
FNDA:1,(anonymous_6)
FNDA:1,(anonymous_7)
DA:8,3
DA:11,3
DA:12,3
DA:17,1
DA:21,2
DA:25,1
DA:26,1
DA:30,1
DA:31,1
DA:32,0
DA:35,1
DA:39,1
DA:40,1
DA:44,1
DA:48,1
DA:49,1
LF:16
LH:15
BRDA:10,0,0,1
BRDA:21,1,0,2
BRDA:21,1,1,1
BRDA:31,2,0,0
BRDA:31,2,1,1
BRF:5
BRH:4
end_of_record
